2024-09-11 20:39:24.124 [info] Extension host with pid 11086 started
2024-09-11 20:39:24.124 [info] ExtensionService#_doActivateExtension vscode.git-base, startup: true, activationEvent: '*', root cause: vscode.git
2024-09-11 20:39:24.190 [info] Lock '/home/rocio-micaela/.vscode-server/data/User/workspaceStorage/3a14e9dd678fd7d4a85663d34f5bb001/vscode.lock': Lock acquired.
2024-09-11 20:39:24.225 [info] ExtensionService#_doActivateExtension vscode.git, startup: true, activationEvent: '*'
2024-09-11 20:39:24.225 [info] ExtensionService#_doActivateExtension vscode.github, startup: true, activationEvent: '*'
2024-09-11 20:39:24.921 [info] Eager extensions activated
2024-09-11 20:39:24.921 [info] ExtensionService#_doActivateExtension vscode.debug-auto-launch, startup: false, activationEvent: 'onStartupFinished'
2024-09-11 20:39:24.921 [info] ExtensionService#_doActivateExtension vscode.merge-conflict, startup: false, activationEvent: 'onStartupFinished'
2024-09-11 20:52:01.566 [info] ExtensionService#_doActivateExtension vscode.html-language-features, startup: false, activationEvent: 'onLanguage:html'
2024-09-11 20:52:01.623 [info] ExtensionService#_doActivateExtension vscode.emmet, startup: false, activationEvent: 'onLanguage'
2024-09-11 22:28:15.087 [error] Error: No such branch: master.
	at N.getBranch (/home/rocio-micaela/.vscode-server/bin/4849ca9bdf9666755eb463db297b69e5385090e3/extensions/git/dist/main.js:2:937115)
	at async T.retryRun (/home/rocio-micaela/.vscode-server/bin/4849ca9bdf9666755eb463db297b69e5385090e3/extensions/git/dist/main.js:2:1032816)
	at async T.run (/home/rocio-micaela/.vscode-server/bin/4849ca9bdf9666755eb463db297b69e5385090e3/extensions/git/dist/main.js:2:1032420)
	at async T.getBranch (/home/rocio-micaela/.vscode-server/bin/4849ca9bdf9666755eb463db297b69e5385090e3/extensions/git/dist/main.js:2:1020563)
	at async T.getBranchBase (/home/rocio-micaela/.vscode-server/bin/4849ca9bdf9666755eb463db297b69e5385090e3/extensions/git/dist/main.js:2:1020849)
	at async t.GitHistoryProvider.resolveHEADMergeBase (/home/rocio-micaela/.vscode-server/bin/4849ca9bdf9666755eb463db297b69e5385090e3/extensions/git/dist/main.js:2:948410)
	at async t.GitHistoryProvider.onDidRunGitStatus (/home/rocio-micaela/.vscode-server/bin/4849ca9bdf9666755eb463db297b69e5385090e3/extensions/git/dist/main.js:2:941737)
2024-09-11 22:28:15.123 [error] Error: No such branch: master.
	at N.getBranch (/home/rocio-micaela/.vscode-server/bin/4849ca9bdf9666755eb463db297b69e5385090e3/extensions/git/dist/main.js:2:937115)
	at async T.retryRun (/home/rocio-micaela/.vscode-server/bin/4849ca9bdf9666755eb463db297b69e5385090e3/extensions/git/dist/main.js:2:1032816)
	at async T.run (/home/rocio-micaela/.vscode-server/bin/4849ca9bdf9666755eb463db297b69e5385090e3/extensions/git/dist/main.js:2:1032420)
	at async T.getBranch (/home/rocio-micaela/.vscode-server/bin/4849ca9bdf9666755eb463db297b69e5385090e3/extensions/git/dist/main.js:2:1020563)
	at async T.getBranchBase (/home/rocio-micaela/.vscode-server/bin/4849ca9bdf9666755eb463db297b69e5385090e3/extensions/git/dist/main.js:2:1020849)
	at async t.GitHistoryProvider.resolveHEADMergeBase (/home/rocio-micaela/.vscode-server/bin/4849ca9bdf9666755eb463db297b69e5385090e3/extensions/git/dist/main.js:2:948410)
	at async t.GitHistoryProvider.onDidRunGitStatus (/home/rocio-micaela/.vscode-server/bin/4849ca9bdf9666755eb463db297b69e5385090e3/extensions/git/dist/main.js:2:941737)
